<?xml version="1.0" encoding="UTF-8"?>
<!-- Generated by org.testng.reporters.JUnitReportReporter -->
<testsuite skipped="0" hostname="DESKTOP-EDG9KS6" name="testScripts.TestFile" tests="5" failures="0" timestamp="2023-03-16T15:19:24 IST" time="20.373" errors="0">
  <testcase name="LoginToApp" time="4.443" classname="testScripts.TestFile"/>
  <system-out/>
  <testcase name="additem" time="5.162" classname="testScripts.TestFile"/>
  <system-out/>
  <testcase name="additem" time="2.781" classname="testScripts.TestFile"/>
  <system-out/>
  <testcase name="cart" time="5.894" classname="testScripts.TestFile"/>
  <system-out/>
  <testcase name="del_cart" time="2.093" classname="testScripts.TestFile"/>
  <system-out/>
</testsuite> <!-- testScripts.TestFile -->
