<?xml version="1.0" encoding="UTF-8"?>
<!-- Generated by org.testng.reporters.JUnitReportReporter -->
<testsuite skipped="0" hostname="DESKTOP-EDG9KS6" name="testScripts.TestFile" tests="5" failures="0" timestamp="2023-03-16T12:08:53 IST" time="25.386" errors="0">
  <testcase name="LoginToApp" time="4.569" classname="testScripts.TestFile"/>
  <system-out/>
  <testcase name="additem" time="6.284" classname="testScripts.TestFile"/>
  <system-out/>
  <testcase name="additem" time="4.928" classname="testScripts.TestFile"/>
  <system-out/>
  <testcase name="cart" time="7.154" classname="testScripts.TestFile"/>
  <system-out/>
  <testcase name="del_cart" time="2.451" classname="testScripts.TestFile"/>
  <system-out/>
</testsuite> <!-- testScripts.TestFile -->
