<?xml version="1.0" encoding="UTF-8"?>
<!-- Generated by org.testng.reporters.JUnitReportReporter -->
<testsuite skipped="0" hostname="DESKTOP-EDG9KS6" name="testScripts.TestFile" tests="5" failures="0" timestamp="2023-03-16T14:33:54 IST" time="21.455" errors="0">
  <testcase name="LoginToApp" time="5.241" classname="testScripts.TestFile"/>
  <system-out/>
  <testcase name="additem" time="3.508" classname="testScripts.TestFile"/>
  <system-out/>
  <testcase name="additem" time="4.915" classname="testScripts.TestFile"/>
  <system-out/>
  <testcase name="cart" time="5.257" classname="testScripts.TestFile"/>
  <system-out/>
  <testcase name="del_cart" time="2.534" classname="testScripts.TestFile"/>
  <system-out/>
</testsuite> <!-- testScripts.TestFile -->
