<?xml version="1.0" encoding="UTF-8"?>
<!-- Generated by org.testng.reporters.JUnitReportReporter -->
<testsuite skipped="0" hostname="DESKTOP-EDG9KS6" name="testScripts.TestFile" tests="5" failures="0" timestamp="2023-03-16T19:01:08 IST" time="24.533" errors="0">
  <testcase name="LoginToApp" time="4.360" classname="testScripts.TestFile"/>
  <system-out/>
  <testcase name="additem" time="5.633" classname="testScripts.TestFile"/>
  <system-out/>
  <testcase name="additem" time="6.427" classname="testScripts.TestFile"/>
  <system-out/>
  <testcase name="cart" time="5.971" classname="testScripts.TestFile"/>
  <system-out/>
  <testcase name="purchase" time="2.142" classname="testScripts.TestFile"/>
  <system-out/>
</testsuite> <!-- testScripts.TestFile -->
