<?xml version="1.0" encoding="UTF-8"?>
<!-- Generated by org.testng.reporters.JUnitReportReporter -->
<testsuite skipped="0" hostname="DESKTOP-EDG9KS6" name="testScripts.TestFile" tests="6" failures="0" timestamp="2023-03-15T18:29:12 IST" time="45.526" errors="0">
  <testcase name="LoginToApp" time="16.824" classname="testScripts.TestFile"/>
  <system-out/>
  <testcase name="additem" time="6.473" classname="testScripts.TestFile"/>
  <system-out/>
  <testcase name="additem" time="10.130" classname="testScripts.TestFile"/>
  <system-out/>
  <testcase name="cart" time="6.430" classname="testScripts.TestFile"/>
  <system-out/>
  <testcase name="del_cart" time="3.299" classname="testScripts.TestFile"/>
  <system-out/>
  <testcase name="finalise" time="2.370" classname="testScripts.TestFile"/>
  <system-out/>
</testsuite> <!-- testScripts.TestFile -->
