<?xml version="1.0" encoding="UTF-8"?>
<!-- Generated by org.testng.reporters.JUnitReportReporter -->
<testsuite skipped="0" hostname="DESKTOP-EDG9KS6" name="testScripts.TestFile" tests="5" failures="0" timestamp="2023-03-16T19:11:01 IST" time="21.187" errors="0">
  <testcase name="LoginToApp" time="4.550" classname="testScripts.TestFile"/>
  <system-out/>
  <testcase name="additem" time="5.064" classname="testScripts.TestFile"/>
  <system-out/>
  <testcase name="additem" time="3.116" classname="testScripts.TestFile"/>
  <system-out/>
  <testcase name="cart" time="6.517" classname="testScripts.TestFile"/>
  <system-out/>
  <testcase name="purchase" time="1.940" classname="testScripts.TestFile"/>
  <system-out/>
</testsuite> <!-- testScripts.TestFile -->
