<?xml version="1.0" encoding="UTF-8"?>
<!-- Generated by org.testng.reporters.JUnitReportReporter -->
<testsuite skipped="0" hostname="DESKTOP-EDG9KS6" name="testScripts.TestFile" tests="6" failures="0" timestamp="2023-03-14T20:57:47 IST" time="35.963" errors="0">
  <testcase name="LoginToApp" time="5.872" classname="testScripts.TestFile"/>
  <system-out/>
  <testcase name="additem" time="4.826" classname="testScripts.TestFile"/>
  <system-out/>
  <testcase name="additem" time="5.105" classname="testScripts.TestFile"/>
  <system-out/>
  <testcase name="cart" time="4.468" classname="testScripts.TestFile"/>
  <system-out/>
  <testcase name="del_cart" time="8.048" classname="testScripts.TestFile"/>
  <system-out/>
  <testcase name="finalise" time="7.644" classname="testScripts.TestFile"/>
  <system-out/>
</testsuite> <!-- testScripts.TestFile -->
